<?xml version="1.0" encoding="UTF-8"?>
<!-- Generated by org.testng.reporters.JUnitReportReporter -->
<testsuite skipped="0" hostname="DESKTOP-9J8UA3C" name="tests.TestGoogle" tests="1" failures="0" timestamp="2019-10-30T10:57:44 IST" time="2.716" errors="1">
  <testcase name="LaunchGoogle" time="2.716" classname="tests.TestGoogle">
    <error type="org.openqa.selenium.SessionNotCreatedException" message="session not created: This version of ChromeDriver only supports Chrome version 76
Build info: version: &#039;3.141.59&#039;, revision: &#039;e82be7d358&#039;, time: &#039;2018-11-14T08:17:03&#039;
System info: host: &#039;DESKTOP-9J8UA3C&#039;, ip: &#039;192.168.0.150&#039;, os.name: &#039;Windows 10&#039;, os.arch: &#039;amd64&#039;, os.version: &#039;10.0&#039;, java.version: &#039;1.8.0_77&#039;
Driver info: driver.version: ChromeDriver
remote stacktrace: Backtrace:
	Ordinal0 [0x011B7C93+1473683]
	Ordinal0 [0x0113ADB1+961969]
	Ordinal0 [0x010C42E3+475875]
	Ordinal0 [0x0105F365+62309]
	Ordinal0 [0x0105BC77+48247]
	Ordinal0 [0x01079149+168265]
	Ordinal0 [0x01078D1D+167197]
	Ordinal0 [0x0107742B+160811]
	Ordinal0 [0x01060AE6+68326]
	Ordinal0 [0x01061BF0+72688]
	Ordinal0 [0x01061B89+72585]
	Ordinal0 [0x01154B77+1067895]
	GetHandleVerifier [0x01256875+506677]
	GetHandleVerifier [0x01256610+506064]
	GetHandleVerifier [0x0125D1B8+533624]
	GetHandleVerifier [0x0125704A+508682]
	Ordinal0 [0x0114C266+1032806]
	Ordinal0 [0x0114C0DF+1032415]
	Ordinal0 [0x01156A8B+1075851]
	Ordinal0 [0x01156BF3+1076211]
	Ordinal0 [0x01155BA5+1072037]
	BaseThreadInitThunk [0x77600419+25]
	RtlGetAppContainerNamedObjectPath [0x7781662D+237]
	RtlGetAppContainerNamedObjectPath [0x778165FD+189]
">
      <![CDATA[org.openqa.selenium.SessionNotCreatedException: session not created: This version of ChromeDriver only supports Chrome version 76
Build info: version: '3.141.59', revision: 'e82be7d358', time: '2018-11-14T08:17:03'
System info: host: 'DESKTOP-9J8UA3C', ip: '192.168.0.150', os.name: 'Windows 10', os.arch: 'amd64', os.version: '10.0', java.version: '1.8.0_77'
Driver info: driver.version: ChromeDriver
remote stacktrace: Backtrace:
Ordinal0 [0x011B7C93+1473683]
Ordinal0 [0x0113ADB1+961969]
Ordinal0 [0x010C42E3+475875]
Ordinal0 [0x0105F365+62309]
Ordinal0 [0x0105BC77+48247]
Ordinal0 [0x01079149+168265]
Ordinal0 [0x01078D1D+167197]
Ordinal0 [0x0107742B+160811]
Ordinal0 [0x01060AE6+68326]
Ordinal0 [0x01061BF0+72688]
Ordinal0 [0x01061B89+72585]
Ordinal0 [0x01154B77+1067895]
GetHandleVerifier [0x01256875+506677]
GetHandleVerifier [0x01256610+506064]
GetHandleVerifier [0x0125D1B8+533624]
GetHandleVerifier [0x0125704A+508682]
Ordinal0 [0x0114C266+1032806]
Ordinal0 [0x0114C0DF+1032415]
Ordinal0 [0x01156A8B+1075851]
Ordinal0 [0x01156BF3+1076211]
Ordinal0 [0x01155BA5+1072037]
BaseThreadInitThunk [0x77600419+25]
RtlGetAppContainerNamedObjectPath [0x7781662D+237]
RtlGetAppContainerNamedObjectPath [0x778165FD+189]

at sun.reflect.NativeConstructorAccessorImpl.newInstance0(Native Method)
at sun.reflect.NativeConstructorAccessorImpl.newInstance(Unknown Source)
at sun.reflect.DelegatingConstructorAccessorImpl.newInstance(Unknown Source)
at java.lang.reflect.Constructor.newInstance(Unknown Source)
at org.openqa.selenium.remote.W3CHandshakeResponse.lambda$errorHandler$0(W3CHandshakeResponse.java:62)
at org.openqa.selenium.remote.HandshakeResponse.lambda$getResponseFunction$0(HandshakeResponse.java:30)
at org.openqa.selenium.remote.ProtocolHandshake.lambda$createSession$0(ProtocolHandshake.java:126)
at java.util.stream.ReferencePipeline$3$1.accept(Unknown Source)
at java.util.Spliterators$ArraySpliterator.tryAdvance(Unknown Source)
at java.util.stream.ReferencePipeline.forEachWithCancel(Unknown Source)
at java.util.stream.AbstractPipeline.copyIntoWithCancel(Unknown Source)
at java.util.stream.AbstractPipeline.copyInto(Unknown Source)
at java.util.stream.AbstractPipeline.wrapAndCopyInto(Unknown Source)
at java.util.stream.FindOps$FindOp.evaluateSequential(Unknown Source)
at java.util.stream.AbstractPipeline.evaluate(Unknown Source)
at java.util.stream.ReferencePipeline.findFirst(Unknown Source)
at org.openqa.selenium.remote.ProtocolHandshake.createSession(ProtocolHandshake.java:128)
at org.openqa.selenium.remote.ProtocolHandshake.createSession(ProtocolHandshake.java:74)
at org.openqa.selenium.remote.HttpCommandExecutor.execute(HttpCommandExecutor.java:136)
at org.openqa.selenium.remote.service.DriverCommandExecutor.execute(DriverCommandExecutor.java:83)
at org.openqa.selenium.remote.RemoteWebDriver.execute(RemoteWebDriver.java:552)
at org.openqa.selenium.remote.RemoteWebDriver.startSession(RemoteWebDriver.java:213)
at org.openqa.selenium.remote.RemoteWebDriver.<init>(RemoteWebDriver.java:131)
at org.openqa.selenium.chrome.ChromeDriver.<init>(ChromeDriver.java:181)
at org.openqa.selenium.chrome.ChromeDriver.<init>(ChromeDriver.java:168)
at org.openqa.selenium.chrome.ChromeDriver.<init>(ChromeDriver.java:123)
at tests.TestGoogle.LaunchGoogle(TestGoogle.java:12)
at sun.reflect.NativeMethodAccessorImpl.invoke0(Native Method)
at sun.reflect.NativeMethodAccessorImpl.invoke(Unknown Source)
at sun.reflect.DelegatingMethodAccessorImpl.invoke(Unknown Source)
at java.lang.reflect.Method.invoke(Unknown Source)
at org.testng.internal.MethodInvocationHelper.invokeMethod(MethodInvocationHelper.java:133)
at org.testng.internal.TestInvoker.invokeMethod(TestInvoker.java:584)
at org.testng.internal.TestInvoker.invokeTestMethod(TestInvoker.java:172)
at org.testng.internal.MethodRunner.runInSequence(MethodRunner.java:46)
at org.testng.internal.TestInvoker$MethodInvocationAgent.invoke(TestInvoker.java:804)
at org.testng.internal.TestInvoker.invokeTestMethods(TestInvoker.java:145)
at org.testng.internal.TestMethodWorker.invokeTestMethods(TestMethodWorker.java:146)
at org.testng.internal.TestMethodWorker.run(TestMethodWorker.java:128)
at java.util.ArrayList.forEach(Unknown Source)
at org.testng.TestRunner.privateRun(TestRunner.java:770)
at org.testng.TestRunner.run(TestRunner.java:591)
at org.testng.SuiteRunner.runTest(SuiteRunner.java:402)
at org.testng.SuiteRunner.runSequentially(SuiteRunner.java:396)
at org.testng.SuiteRunner.privateRun(SuiteRunner.java:355)
at org.testng.SuiteRunner.run(SuiteRunner.java:304)
at org.testng.SuiteRunnerWorker.runSuite(SuiteRunnerWorker.java:53)
at org.testng.SuiteRunnerWorker.run(SuiteRunnerWorker.java:96)
at org.testng.TestNG.runSuitesSequentially(TestNG.java:1180)
at org.testng.TestNG.runSuitesLocally(TestNG.java:1102)
at org.testng.TestNG.runSuites(TestNG.java:1032)
at org.testng.TestNG.run(TestNG.java:1000)
at org.testng.remote.AbstractRemoteTestNG.run(AbstractRemoteTestNG.java:115)
at org.testng.remote.RemoteTestNG.initAndRun(RemoteTestNG.java:251)
at org.testng.remote.RemoteTestNG.main(RemoteTestNG.java:77)
]]>
    </error>
  </testcase> <!-- LaunchGoogle -->
</testsuite> <!-- tests.TestGoogle -->
